<?xml version="1.0" encoding="UTF-8"?>
<coverage generated="1586968868337" clover="3.2.0">
  <project timestamp="1586968868337" name="All files">
    <metrics statements="9" coveredstatements="6" conditionals="2" coveredconditionals="2" methods="6" coveredmethods="3" elements="17" coveredelements="11" complexity="0" loc="9" ncloc="9" packages="2" files="4" classes="4"/>
    <package name="src">
      <metrics statements="7" coveredstatements="4" conditionals="0" coveredconditionals="0" methods="4" coveredmethods="1"/>
      <file name="App.tsx" path="/Users/bhargav/MyWorkspace/React/react-http-app/src/App.tsx">
        <metrics statements="1" coveredstatements="0" conditionals="0" coveredconditionals="0" methods="1" coveredmethods="0"/>
        <line num="6" count="0" type="stmt"/>
      </file>
      <file name="GreeterClass.tsx" path="/Users/bhargav/MyWorkspace/React/react-http-app/src/GreeterClass.tsx">
        <metrics statements="1" coveredstatements="0" conditionals="0" coveredconditionals="0" methods="1" coveredmethods="0"/>
        <line num="11" count="0" type="stmt"/>
      </file>
      <file name="GreeterFunctional.tsx" path="/Users/bhargav/MyWorkspace/React/react-http-app/src/GreeterFunctional.tsx">
        <metrics statements="5" coveredstatements="4" conditionals="0" coveredconditionals="0" methods="2" coveredmethods="1"/>
        <line num="11" count="1" type="stmt"/>
        <line num="12" count="0" type="stmt"/>
        <line num="18" count="3" type="stmt"/>
        <line num="19" count="3" type="stmt"/>
        <line num="23" count="3" type="stmt"/>
      </file>
    </package>
    <package name="src.common">
      <metrics statements="2" coveredstatements="2" conditionals="2" coveredconditionals="2" methods="2" coveredmethods="2"/>
      <file name="TextInput.tsx" path="/Users/bhargav/MyWorkspace/React/react-http-app/src/common/TextInput.tsx">
        <metrics statements="2" coveredstatements="2" conditionals="2" coveredconditionals="2" methods="2" coveredmethods="2"/>
        <line num="11" count="6" type="stmt"/>
        <line num="17" count="2" type="cond" truecount="2" falsecount="0"/>
      </file>
    </package>
  </project>
</coverage>
