{"/Users/bhargav/MyWorkspace/React/react-http-app/src/App.tsx": {"path":"/Users/bhargav/MyWorkspace/React/react-http-app/src/App.tsx","statementMap":{"0":{"start":{"line":6,"column":2},"end":{"line":12,"column":4}}},"fnMap":{"0":{"name":"App","decl":{"start":{"line":5,"column":9},"end":{"line":5,"column":12}},"loc":{"start":{"line":5,"column":15},"end":{"line":13,"column":1}},"line":5}},"branchMap":{},"s":{"0":0},"f":{"0":0},"b":{},"hash":"4da9190da204e9d74ff574ea6fc9570fd30505ec"}
,"/Users/bhargav/MyWorkspace/React/react-http-app/src/GreeterClass.tsx": {"path":"/Users/bhargav/MyWorkspace/React/react-http-app/src/GreeterClass.tsx","statementMap":{"0":{"start":{"line":11,"column":8},"end":{"line":13,"column":10}}},"fnMap":{"0":{"name":"(anonymous_0)","decl":{"start":{"line":10,"column":4},"end":{"line":10,"column":5}},"loc":{"start":{"line":10,"column":13},"end":{"line":14,"column":5}},"line":10}},"branchMap":{},"s":{"0":0},"f":{"0":0},"b":{},"hash":"ad35e05e1857f69b5d58c9f24dc8a0da5f8b025f"}
,"/Users/bhargav/MyWorkspace/React/react-http-app/src/GreeterFunctional.tsx": {"path":"/Users/bhargav/MyWorkspace/React/react-http-app/src/GreeterFunctional.tsx","statementMap":{"0":{"start":{"line":11,"column":25},"end":{"line":13,"column":1}},"1":{"start":{"line":12,"column":4},"end":{"line":12,"column":37}},"2":{"start":{"line":18,"column":38},"end":{"line":18,"column":50}},"3":{"start":{"line":19,"column":36},"end":{"line":19,"column":48}},"4":{"start":{"line":23,"column":4},"end":{"line":59,"column":6}}},"fnMap":{"0":{"name":"(anonymous_0)","decl":{"start":{"line":11,"column":25},"end":{"line":11,"column":26}},"loc":{"start":{"line":11,"column":31},"end":{"line":13,"column":1}},"line":11},"1":{"name":"Greeter","decl":{"start":{"line":16,"column":9},"end":{"line":16,"column":16}},"loc":{"start":{"line":16,"column":19},"end":{"line":60,"column":1}},"line":16}},"branchMap":{},"s":{"0":1,"1":0,"2":3,"3":3,"4":3},"f":{"0":0,"1":3},"b":{},"_coverageSchema":"43e27e138ebf9cfc5966b082cf9a028302ed4184","hash":"d70117aa4c40b29614d1f2b21da8181de4e7bd96"}
,"/Users/bhargav/MyWorkspace/React/react-http-app/src/common/TextInput.tsx": {"path":"/Users/bhargav/MyWorkspace/React/react-http-app/src/common/TextInput.tsx","statementMap":{"0":{"start":{"line":11,"column":4},"end":{"line":20,"column":5}},"1":{"start":{"line":17,"column":33},"end":{"line":17,"column":98}}},"fnMap":{"0":{"name":"TextInput","decl":{"start":{"line":10,"column":9},"end":{"line":10,"column":18}},"loc":{"start":{"line":10,"column":42},"end":{"line":21,"column":1}},"line":10},"1":{"name":"(anonymous_1)","decl":{"start":{"line":17,"column":22},"end":{"line":17,"column":23}},"loc":{"start":{"line":17,"column":33},"end":{"line":17,"column":98}},"line":17}},"branchMap":{"0":{"loc":{"start":{"line":17,"column":33},"end":{"line":17,"column":98}},"type":"binary-expr","locations":[{"start":{"line":17,"column":33},"end":{"line":17,"column":50}},{"start":{"line":17,"column":54},"end":{"line":17,"column":98}}],"line":17}},"s":{"0":6,"1":2},"f":{"0":6,"1":2},"b":{"0":[2,2]},"_coverageSchema":"43e27e138ebf9cfc5966b082cf9a028302ed4184","hash":"abb2ccdbf196b9af50d2eae9f4f30d5443a89386"}
}
