TN:
SF:/Users/bhargav/MyWorkspace/React/react-http-app/src/App.tsx
FN:5,App
FNF:1
FNH:0
FNDA:0,App
DA:6,0
LF:1
LH:0
BRF:0
BRH:0
end_of_record
TN:
SF:/Users/bhargav/MyWorkspace/React/react-http-app/src/GreeterClass.tsx
FN:10,(anonymous_0)
FNF:1
FNH:0
FNDA:0,(anonymous_0)
DA:11,0
LF:1
LH:0
BRF:0
BRH:0
end_of_record
TN:
SF:/Users/bhargav/MyWorkspace/React/react-http-app/src/GreeterFunctional.tsx
FN:11,(anonymous_0)
FN:16,Greeter
FNF:2
FNH:1
FNDA:0,(anonymous_0)
FNDA:3,Greeter
DA:11,1
DA:12,0
DA:18,3
DA:19,3
DA:23,3
LF:5
LH:4
BRF:0
BRH:0
end_of_record
TN:
SF:/Users/bhargav/MyWorkspace/React/react-http-app/src/common/TextInput.tsx
FN:10,TextInput
FN:17,(anonymous_1)
FNF:2
FNH:2
FNDA:6,TextInput
FNDA:2,(anonymous_1)
DA:11,6
DA:17,2
LF:2
LH:2
BRDA:17,0,0,2
BRDA:17,0,1,2
BRF:2
BRH:2
end_of_record
